<?xml version="1.0" encoding="UTF-8"?>
<testsuites>
  <testsuite name="D:\PoliTo\Magistrale\II Anno\Software Engineering II\PULSeBS\server\tests" tests="75" assertions="532" errors="0" warnings="0" failures="10" skipped="0" time="28.723868">
    <testsuite name="BookLectureTest" file="D:\PoliTo\Magistrale\II Anno\Software Engineering II\PULSeBS\server\tests\BookLectureTest.php" tests="9" assertions="36" errors="0" warnings="0" failures="2" skipped="0" time="12.002332">
      <testcase name="test_book_1" class="BookLectureTest" classname="BookLectureTest" file="D:\PoliTo\Magistrale\II Anno\Software Engineering II\PULSeBS\server\tests\BookLectureTest.php" line="26" assertions="4" time="2.325611">
        <failure type="PHPUnit\Framework\ExpectationFailedException">BookLectureTest::test_book_1
Failed asserting that false is true.

D:\PoliTo\Magistrale\II Anno\Software Engineering II\PULSeBS\server\tests\BookLectureTest.php:42
</failure>
      </testcase>
      <testcase name="test_book_2" class="BookLectureTest" classname="BookLectureTest" file="D:\PoliTo\Magistrale\II Anno\Software Engineering II\PULSeBS\server\tests\BookLectureTest.php" line="46" assertions="4" time="2.310838">
        <failure type="PHPUnit\Framework\ExpectationFailedException">BookLectureTest::test_book_2
Failed asserting that false is true.

D:\PoliTo\Magistrale\II Anno\Software Engineering II\PULSeBS\server\tests\BookLectureTest.php:62
</failure>
      </testcase>
      <testcase name="test_book_3" class="BookLectureTest" classname="BookLectureTest" file="D:\PoliTo\Magistrale\II Anno\Software Engineering II\PULSeBS\server\tests\BookLectureTest.php" line="73" assertions="4" time="2.301561"/>
      <testcase name="test_book_4" class="BookLectureTest" classname="BookLectureTest" file="D:\PoliTo\Magistrale\II Anno\Software Engineering II\PULSeBS\server\tests\BookLectureTest.php" line="93" assertions="4" time="0.147347"/>
      <testcase name="test_book_5" class="BookLectureTest" classname="BookLectureTest" file="D:\PoliTo\Magistrale\II Anno\Software Engineering II\PULSeBS\server\tests\BookLectureTest.php" line="113" assertions="4" time="0.134904"/>
      <testcase name="test_book_6" class="BookLectureTest" classname="BookLectureTest" file="D:\PoliTo\Magistrale\II Anno\Software Engineering II\PULSeBS\server\tests\BookLectureTest.php" line="133" assertions="4" time="0.148161"/>
      <testcase name="test_book_7" class="BookLectureTest" classname="BookLectureTest" file="D:\PoliTo\Magistrale\II Anno\Software Engineering II\PULSeBS\server\tests\BookLectureTest.php" line="153" assertions="4" time="2.279389"/>
      <testcase name="test_book_8" class="BookLectureTest" classname="BookLectureTest" file="D:\PoliTo\Magistrale\II Anno\Software Engineering II\PULSeBS\server\tests\BookLectureTest.php" line="173" assertions="4" time="2.315494"/>
      <testcase name="test_book_9" class="BookLectureTest" classname="BookLectureTest" file="D:\PoliTo\Magistrale\II Anno\Software Engineering II\PULSeBS\server\tests\BookLectureTest.php" line="193" assertions="4" time="0.039027"/>
    </testsuite>
    <testsuite name="BookingCancelTest" file="D:\PoliTo\Magistrale\II Anno\Software Engineering II\PULSeBS\server\tests\BookingCancelTest.php" tests="5" assertions="20" errors="0" warnings="0" failures="2" skipped="0" time="1.136495">
      <testcase name="test_cancel_1" class="BookingCancelTest" classname="BookingCancelTest" file="D:\PoliTo\Magistrale\II Anno\Software Engineering II\PULSeBS\server\tests\BookingCancelTest.php" line="26" assertions="4" time="0.312400"/>
      <testcase name="test_cancel_2" class="BookingCancelTest" classname="BookingCancelTest" file="D:\PoliTo\Magistrale\II Anno\Software Engineering II\PULSeBS\server\tests\BookingCancelTest.php" line="46" assertions="4" time="0.134714"/>
      <testcase name="test_cancel_3" class="BookingCancelTest" classname="BookingCancelTest" file="D:\PoliTo\Magistrale\II Anno\Software Engineering II\PULSeBS\server\tests\BookingCancelTest.php" line="66" assertions="4" time="0.290199">
        <failure type="PHPUnit\Framework\ExpectationFailedException">BookingCancelTest::test_cancel_3
Failed asserting that true is false.

D:\PoliTo\Magistrale\II Anno\Software Engineering II\PULSeBS\server\tests\BookingCancelTest.php:82
</failure>
      </testcase>
      <testcase name="test_cancel_4" class="BookingCancelTest" classname="BookingCancelTest" file="D:\PoliTo\Magistrale\II Anno\Software Engineering II\PULSeBS\server\tests\BookingCancelTest.php" line="86" assertions="4" time="0.355000">
        <failure type="PHPUnit\Framework\ExpectationFailedException">BookingCancelTest::test_cancel_4
Failed asserting that true is false.

D:\PoliTo\Magistrale\II Anno\Software Engineering II\PULSeBS\server\tests\BookingCancelTest.php:102
</failure>
      </testcase>
      <testcase name="test_cancel_5" class="BookingCancelTest" classname="BookingCancelTest" file="D:\PoliTo\Magistrale\II Anno\Software Engineering II\PULSeBS\server\tests\BookingCancelTest.php" line="106" assertions="4" time="0.044182"/>
    </testsuite>
    <testsuite name="LectureCancelTest" file="D:\PoliTo\Magistrale\II Anno\Software Engineering II\PULSeBS\server\tests\LectureCancelTest.php" tests="6" assertions="24" errors="0" warnings="0" failures="1" skipped="0" time="2.900408">
      <testcase name="test_lecture_cancel_1" class="LectureCancelTest" classname="LectureCancelTest" file="D:\PoliTo\Magistrale\II Anno\Software Engineering II\PULSeBS\server\tests\LectureCancelTest.php" line="26" assertions="4" time="2.284386">
        <failure type="PHPUnit\Framework\ExpectationFailedException">LectureCancelTest::test_lecture_cancel_1
Failed asserting that false is true.

D:\PoliTo\Magistrale\II Anno\Software Engineering II\PULSeBS\server\tests\LectureCancelTest.php:42
</failure>
      </testcase>
      <testcase name="test_lecture_cancel_2" class="LectureCancelTest" classname="LectureCancelTest" file="D:\PoliTo\Magistrale\II Anno\Software Engineering II\PULSeBS\server\tests\LectureCancelTest.php" line="46" assertions="4" time="0.155671"/>
      <testcase name="test_lecture_cancel_3" class="LectureCancelTest" classname="LectureCancelTest" file="D:\PoliTo\Magistrale\II Anno\Software Engineering II\PULSeBS\server\tests\LectureCancelTest.php" line="66" assertions="4" time="0.148782"/>
      <testcase name="test_lecture_cancel_4" class="LectureCancelTest" classname="LectureCancelTest" file="D:\PoliTo\Magistrale\II Anno\Software Engineering II\PULSeBS\server\tests\LectureCancelTest.php" line="86" assertions="4" time="0.146888"/>
      <testcase name="test_lecture_cancel_5" class="LectureCancelTest" classname="LectureCancelTest" file="D:\PoliTo\Magistrale\II Anno\Software Engineering II\PULSeBS\server\tests\LectureCancelTest.php" line="106" assertions="4" time="0.132059"/>
      <testcase name="test_lecture_cancel_6" class="LectureCancelTest" classname="LectureCancelTest" file="D:\PoliTo\Magistrale\II Anno\Software Engineering II\PULSeBS\server\tests\LectureCancelTest.php" line="126" assertions="4" time="0.032622"/>
    </testsuite>
    <testsuite name="ListBookedStudentsTest" file="D:\PoliTo\Magistrale\II Anno\Software Engineering II\PULSeBS\server\tests\ListBookedStudentsTest.php" tests="7" assertions="32" errors="0" warnings="0" failures="3" skipped="0" time="0.920431">
      <testcase name="test_list_1" class="ListBookedStudentsTest" classname="ListBookedStudentsTest" file="D:\PoliTo\Magistrale\II Anno\Software Engineering II\PULSeBS\server\tests\ListBookedStudentsTest.php" line="26" assertions="6" time="0.132518"/>
      <testcase name="test_list_2" class="ListBookedStudentsTest" classname="ListBookedStudentsTest" file="D:\PoliTo\Magistrale\II Anno\Software Engineering II\PULSeBS\server\tests\ListBookedStudentsTest.php" line="49" assertions="6" time="0.147324"/>
      <testcase name="test_list_3" class="ListBookedStudentsTest" classname="ListBookedStudentsTest" file="D:\PoliTo\Magistrale\II Anno\Software Engineering II\PULSeBS\server\tests\ListBookedStudentsTest.php" line="72" assertions="4" time="0.151953">
        <failure type="PHPUnit\Framework\ExpectationFailedException">ListBookedStudentsTest::test_list_3
Failed asserting that true is false.

D:\PoliTo\Magistrale\II Anno\Software Engineering II\PULSeBS\server\tests\ListBookedStudentsTest.php:88
</failure>
      </testcase>
      <testcase name="test_list_4" class="ListBookedStudentsTest" classname="ListBookedStudentsTest" file="D:\PoliTo\Magistrale\II Anno\Software Engineering II\PULSeBS\server\tests\ListBookedStudentsTest.php" line="92" assertions="4" time="0.142633">
        <failure type="PHPUnit\Framework\ExpectationFailedException">ListBookedStudentsTest::test_list_4
Failed asserting that true is false.

D:\PoliTo\Magistrale\II Anno\Software Engineering II\PULSeBS\server\tests\ListBookedStudentsTest.php:108
</failure>
      </testcase>
      <testcase name="test_list_5" class="ListBookedStudentsTest" classname="ListBookedStudentsTest" file="D:\PoliTo\Magistrale\II Anno\Software Engineering II\PULSeBS\server\tests\ListBookedStudentsTest.php" line="112" assertions="4" time="0.144847">
        <failure type="PHPUnit\Framework\ExpectationFailedException">ListBookedStudentsTest::test_list_5
Failed asserting that true is false.

D:\PoliTo\Magistrale\II Anno\Software Engineering II\PULSeBS\server\tests\ListBookedStudentsTest.php:128
</failure>
      </testcase>
      <testcase name="test_list_6" class="ListBookedStudentsTest" classname="ListBookedStudentsTest" file="D:\PoliTo\Magistrale\II Anno\Software Engineering II\PULSeBS\server\tests\ListBookedStudentsTest.php" line="132" assertions="4" time="0.152969"/>
      <testcase name="test_list_7" class="ListBookedStudentsTest" classname="ListBookedStudentsTest" file="D:\PoliTo\Magistrale\II Anno\Software Engineering II\PULSeBS\server\tests\ListBookedStudentsTest.php" line="152" assertions="4" time="0.048187"/>
    </testsuite>
    <testsuite name="ListLecturesTest" file="D:\PoliTo\Magistrale\II Anno\Software Engineering II\PULSeBS\server\tests\ListLecturesTest.php" tests="3" assertions="13" errors="0" warnings="0" failures="2" skipped="0" time="0.333084">
      <testcase name="test_list_1" class="ListLecturesTest" classname="ListLecturesTest" file="D:\PoliTo\Magistrale\II Anno\Software Engineering II\PULSeBS\server\tests\ListLecturesTest.php" line="29" assertions="6" time="0.154444">
        <failure type="PHPUnit\Framework\ExpectationFailedException">ListLecturesTest::test_list_1
Failed asserting that 4 matches expected 5.

D:\PoliTo\Magistrale\II Anno\Software Engineering II\PULSeBS\server\tests\ListLecturesTest.php:48
</failure>
      </testcase>
      <testcase name="test_list_2" class="ListLecturesTest" classname="ListLecturesTest" file="D:\PoliTo\Magistrale\II Anno\Software Engineering II\PULSeBS\server\tests\ListLecturesTest.php" line="52" assertions="6" time="0.146572">
        <failure type="PHPUnit\Framework\ExpectationFailedException">ListLecturesTest::test_list_2
Failed asserting that 5 matches expected 6.

D:\PoliTo\Magistrale\II Anno\Software Engineering II\PULSeBS\server\tests\ListLecturesTest.php:71
</failure>
      </testcase>
      <testcase name="test_list_3" class="ListLecturesTest" classname="ListLecturesTest" file="D:\PoliTo\Magistrale\II Anno\Software Engineering II\PULSeBS\server\tests\ListLecturesTest.php" line="75" assertions="1" time="0.032067"/>
    </testsuite>
    <testsuite name="LoginTest" file="D:\PoliTo\Magistrale\II Anno\Software Engineering II\PULSeBS\server\tests\LoginTest.php" tests="1" assertions="7" errors="0" warnings="0" failures="0" skipped="0" time="0.110550">
      <testcase name="testLogin" class="LoginTest" classname="LoginTest" file="D:\PoliTo\Magistrale\II Anno\Software Engineering II\PULSeBS\server\tests\LoginTest.php" line="25" assertions="7" time="0.110550"/>
    </testsuite>
    <testsuite name="RecordAttendanceTest" file="D:\PoliTo\Magistrale\II Anno\Software Engineering II\PULSeBS\server\tests\RecordAttendanceTest.php" tests="15" assertions="74" errors="0" warnings="0" failures="0" skipped="0" time="6.872207">
      <testcase name="testRecordAttendance_1" class="RecordAttendanceTest" classname="RecordAttendanceTest" file="D:\PoliTo\Magistrale\II Anno\Software Engineering II\PULSeBS\server\tests\RecordAttendanceTest.php" line="59" assertions="5" time="0.635009"/>
      <testcase name="testRecordAttendance_2" class="RecordAttendanceTest" classname="RecordAttendanceTest" file="D:\PoliTo\Magistrale\II Anno\Software Engineering II\PULSeBS\server\tests\RecordAttendanceTest.php" line="85" assertions="5" time="0.823987"/>
      <testcase name="testRecordAttendance_3" class="RecordAttendanceTest" classname="RecordAttendanceTest" file="D:\PoliTo\Magistrale\II Anno\Software Engineering II\PULSeBS\server\tests\RecordAttendanceTest.php" line="111" assertions="5" time="0.378456"/>
      <testcase name="testRecordAttendance_4" class="RecordAttendanceTest" classname="RecordAttendanceTest" file="D:\PoliTo\Magistrale\II Anno\Software Engineering II\PULSeBS\server\tests\RecordAttendanceTest.php" line="137" assertions="5" time="0.435200"/>
      <testcase name="testRecordAttendance_5" class="RecordAttendanceTest" classname="RecordAttendanceTest" file="D:\PoliTo\Magistrale\II Anno\Software Engineering II\PULSeBS\server\tests\RecordAttendanceTest.php" line="163" assertions="5" time="0.501696"/>
      <testcase name="testRecordAttendance_6" class="RecordAttendanceTest" classname="RecordAttendanceTest" file="D:\PoliTo\Magistrale\II Anno\Software Engineering II\PULSeBS\server\tests\RecordAttendanceTest.php" line="189" assertions="5" time="0.376329"/>
      <testcase name="testRecordAttendance_7" class="RecordAttendanceTest" classname="RecordAttendanceTest" file="D:\PoliTo\Magistrale\II Anno\Software Engineering II\PULSeBS\server\tests\RecordAttendanceTest.php" line="216" assertions="4" time="0.265886"/>
      <testcase name="testRecordAttendance_8" class="RecordAttendanceTest" classname="RecordAttendanceTest" file="D:\PoliTo\Magistrale\II Anno\Software Engineering II\PULSeBS\server\tests\RecordAttendanceTest.php" line="241" assertions="5" time="0.467655"/>
      <testcase name="testRecordAttendance_9" class="RecordAttendanceTest" classname="RecordAttendanceTest" file="D:\PoliTo\Magistrale\II Anno\Software Engineering II\PULSeBS\server\tests\RecordAttendanceTest.php" line="267" assertions="5" time="0.495796"/>
      <testcase name="testRecordAttendance_10" class="RecordAttendanceTest" classname="RecordAttendanceTest" file="D:\PoliTo\Magistrale\II Anno\Software Engineering II\PULSeBS\server\tests\RecordAttendanceTest.php" line="293" assertions="5" time="0.400194"/>
      <testcase name="testRecordAttendance_11" class="RecordAttendanceTest" classname="RecordAttendanceTest" file="D:\PoliTo\Magistrale\II Anno\Software Engineering II\PULSeBS\server\tests\RecordAttendanceTest.php" line="319" assertions="5" time="0.448479"/>
      <testcase name="testRecordAttendance_12" class="RecordAttendanceTest" classname="RecordAttendanceTest" file="D:\PoliTo\Magistrale\II Anno\Software Engineering II\PULSeBS\server\tests\RecordAttendanceTest.php" line="345" assertions="5" time="0.451654"/>
      <testcase name="testRecordAttendance_13" class="RecordAttendanceTest" classname="RecordAttendanceTest" file="D:\PoliTo\Magistrale\II Anno\Software Engineering II\PULSeBS\server\tests\RecordAttendanceTest.php" line="371" assertions="5" time="0.333947"/>
      <testcase name="testRecordAttendance_14" class="RecordAttendanceTest" classname="RecordAttendanceTest" file="D:\PoliTo\Magistrale\II Anno\Software Engineering II\PULSeBS\server\tests\RecordAttendanceTest.php" line="392" assertions="5" time="0.444532"/>
      <testcase name="testRecordAttendance_15" class="RecordAttendanceTest" classname="RecordAttendanceTest" file="D:\PoliTo\Magistrale\II Anno\Software Engineering II\PULSeBS\server\tests\RecordAttendanceTest.php" line="418" assertions="5" time="0.413386"/>
    </testsuite>
    <testsuite name="StatsBookingsTest" file="D:\PoliTo\Magistrale\II Anno\Software Engineering II\PULSeBS\server\tests\StatsBookingsTest.php" tests="13" assertions="260" errors="0" warnings="0" failures="0" skipped="0" time="1.814622">
      <testcase name="test_stats_1" class="StatsBookingsTest" classname="StatsBookingsTest" file="D:\PoliTo\Magistrale\II Anno\Software Engineering II\PULSeBS\server\tests\StatsBookingsTest.php" line="26" assertions="20" time="0.155312"/>
      <testcase name="test_stats_2" class="StatsBookingsTest" classname="StatsBookingsTest" file="D:\PoliTo\Magistrale\II Anno\Software Engineering II\PULSeBS\server\tests\StatsBookingsTest.php" line="66" assertions="20" time="0.148686"/>
      <testcase name="test_stats_3" class="StatsBookingsTest" classname="StatsBookingsTest" file="D:\PoliTo\Magistrale\II Anno\Software Engineering II\PULSeBS\server\tests\StatsBookingsTest.php" line="105" assertions="20" time="0.145845"/>
      <testcase name="test_stats_4" class="StatsBookingsTest" classname="StatsBookingsTest" file="D:\PoliTo\Magistrale\II Anno\Software Engineering II\PULSeBS\server\tests\StatsBookingsTest.php" line="144" assertions="20" time="0.135575"/>
      <testcase name="test_stats_5" class="StatsBookingsTest" classname="StatsBookingsTest" file="D:\PoliTo\Magistrale\II Anno\Software Engineering II\PULSeBS\server\tests\StatsBookingsTest.php" line="183" assertions="20" time="0.143239"/>
      <testcase name="test_stats_6" class="StatsBookingsTest" classname="StatsBookingsTest" file="D:\PoliTo\Magistrale\II Anno\Software Engineering II\PULSeBS\server\tests\StatsBookingsTest.php" line="222" assertions="20" time="0.143460"/>
      <testcase name="test_stats_7" class="StatsBookingsTest" classname="StatsBookingsTest" file="D:\PoliTo\Magistrale\II Anno\Software Engineering II\PULSeBS\server\tests\StatsBookingsTest.php" line="261" assertions="6" time="0.138528"/>
      <testcase name="test_stats_8" class="StatsBookingsTest" classname="StatsBookingsTest" file="D:\PoliTo\Magistrale\II Anno\Software Engineering II\PULSeBS\server\tests\StatsBookingsTest.php" line="284" assertions="4" time="0.048555"/>
      <testcase name="test_stats_9" class="StatsBookingsTest" classname="StatsBookingsTest" file="D:\PoliTo\Magistrale\II Anno\Software Engineering II\PULSeBS\server\tests\StatsBookingsTest.php" line="299" assertions="26" time="0.150342"/>
      <testcase name="test_stats_10" class="StatsBookingsTest" classname="StatsBookingsTest" file="D:\PoliTo\Magistrale\II Anno\Software Engineering II\PULSeBS\server\tests\StatsBookingsTest.php" line="343" assertions="26" time="0.150322"/>
      <testcase name="test_stats_11" class="StatsBookingsTest" classname="StatsBookingsTest" file="D:\PoliTo\Magistrale\II Anno\Software Engineering II\PULSeBS\server\tests\StatsBookingsTest.php" line="387" assertions="26" time="0.149942"/>
      <testcase name="test_stats_12" class="StatsBookingsTest" classname="StatsBookingsTest" file="D:\PoliTo\Magistrale\II Anno\Software Engineering II\PULSeBS\server\tests\StatsBookingsTest.php" line="431" assertions="26" time="0.157659"/>
      <testcase name="test_stats_13" class="StatsBookingsTest" classname="StatsBookingsTest" file="D:\PoliTo\Magistrale\II Anno\Software Engineering II\PULSeBS\server\tests\StatsBookingsTest.php" line="475" assertions="26" time="0.147158"/>
    </testsuite>
    <testsuite name="UploadCoursesTest" file="D:\PoliTo\Magistrale\II Anno\Software Engineering II\PULSeBS\server\tests\UploadCoursesTest.php" tests="5" assertions="20" errors="0" warnings="0" failures="0" skipped="0" time="0.880016">
      <testcase name="test_upload_courses_1" class="UploadCoursesTest" classname="UploadCoursesTest" file="D:\PoliTo\Magistrale\II Anno\Software Engineering II\PULSeBS\server\tests\UploadCoursesTest.php" line="26" assertions="4" time="0.385898"/>
      <testcase name="test_upload_courses_2" class="UploadCoursesTest" classname="UploadCoursesTest" file="D:\PoliTo\Magistrale\II Anno\Software Engineering II\PULSeBS\server\tests\UploadCoursesTest.php" line="59" assertions="4" time="0.152271"/>
      <testcase name="test_upload_courses_3" class="UploadCoursesTest" classname="UploadCoursesTest" file="D:\PoliTo\Magistrale\II Anno\Software Engineering II\PULSeBS\server\tests\UploadCoursesTest.php" line="92" assertions="4" time="0.160844"/>
      <testcase name="test_upload_courses_4" class="UploadCoursesTest" classname="UploadCoursesTest" file="D:\PoliTo\Magistrale\II Anno\Software Engineering II\PULSeBS\server\tests\UploadCoursesTest.php" line="125" assertions="4" time="0.038769"/>
      <testcase name="test_upload_courses_5" class="UploadCoursesTest" classname="UploadCoursesTest" file="D:\PoliTo\Magistrale\II Anno\Software Engineering II\PULSeBS\server\tests\UploadCoursesTest.php" line="153" assertions="4" time="0.142234"/>
    </testsuite>
    <testsuite name="UploadEnrollmentsTest" file="D:\PoliTo\Magistrale\II Anno\Software Engineering II\PULSeBS\server\tests\UploadEnrollmentsTest.php" tests="7" assertions="28" errors="0" warnings="0" failures="0" skipped="0" time="1.079382">
      <testcase name="test_upload_enrollments_1" class="UploadEnrollmentsTest" classname="UploadEnrollmentsTest" file="D:\PoliTo\Magistrale\II Anno\Software Engineering II\PULSeBS\server\tests\UploadEnrollmentsTest.php" line="26" assertions="4" time="0.302237"/>
      <testcase name="test_upload_enrollments_2" class="UploadEnrollmentsTest" classname="UploadEnrollmentsTest" file="D:\PoliTo\Magistrale\II Anno\Software Engineering II\PULSeBS\server\tests\UploadEnrollmentsTest.php" line="59" assertions="4" time="0.152756"/>
      <testcase name="test_upload_enrollments_3" class="UploadEnrollmentsTest" classname="UploadEnrollmentsTest" file="D:\PoliTo\Magistrale\II Anno\Software Engineering II\PULSeBS\server\tests\UploadEnrollmentsTest.php" line="92" assertions="4" time="0.144234"/>
      <testcase name="test_upload_enrollments_4" class="UploadEnrollmentsTest" classname="UploadEnrollmentsTest" file="D:\PoliTo\Magistrale\II Anno\Software Engineering II\PULSeBS\server\tests\UploadEnrollmentsTest.php" line="125" assertions="4" time="0.152519"/>
      <testcase name="test_upload_enrollments_5" class="UploadEnrollmentsTest" classname="UploadEnrollmentsTest" file="D:\PoliTo\Magistrale\II Anno\Software Engineering II\PULSeBS\server\tests\UploadEnrollmentsTest.php" line="158" assertions="4" time="0.147380"/>
      <testcase name="test_upload_enrollments_6" class="UploadEnrollmentsTest" classname="UploadEnrollmentsTest" file="D:\PoliTo\Magistrale\II Anno\Software Engineering II\PULSeBS\server\tests\UploadEnrollmentsTest.php" line="191" assertions="4" time="0.141773"/>
      <testcase name="test_upload_enrollments_7" class="UploadEnrollmentsTest" classname="UploadEnrollmentsTest" file="D:\PoliTo\Magistrale\II Anno\Software Engineering II\PULSeBS\server\tests\UploadEnrollmentsTest.php" line="217" assertions="4" time="0.038483"/>
    </testsuite>
    <testsuite name="UploadSchedulesTest" file="D:\PoliTo\Magistrale\II Anno\Software Engineering II\PULSeBS\server\tests\UploadSchedulesTest.php" tests="4" assertions="18" errors="0" warnings="0" failures="0" skipped="0" time="0.674342">
      <testcase name="test_upload_schedules_1" class="UploadSchedulesTest" classname="UploadSchedulesTest" file="D:\PoliTo\Magistrale\II Anno\Software Engineering II\PULSeBS\server\tests\UploadSchedulesTest.php" line="26" assertions="4" time="0.329687"/>
      <testcase name="test_upload_schedules_2" class="UploadSchedulesTest" classname="UploadSchedulesTest" file="D:\PoliTo\Magistrale\II Anno\Software Engineering II\PULSeBS\server\tests\UploadSchedulesTest.php" line="67" assertions="5" time="0.155366"/>
      <testcase name="test_upload_schedules_3" class="UploadSchedulesTest" classname="UploadSchedulesTest" file="D:\PoliTo\Magistrale\II Anno\Software Engineering II\PULSeBS\server\tests\UploadSchedulesTest.php" line="102" assertions="5" time="0.145307"/>
      <testcase name="test_upload_schedules_4" class="UploadSchedulesTest" classname="UploadSchedulesTest" file="D:\PoliTo\Magistrale\II Anno\Software Engineering II\PULSeBS\server\tests\UploadSchedulesTest.php" line="140" assertions="4" time="0.043981"/>
    </testsuite>
  </testsuite>
</testsuites>
